[debug] [2021-08-27T08:53:06.031Z] ----------------------------------------------------------------------
[debug] [2021-08-27T08:53:06.035Z] Command:       C:\Program Files\nodejs\node.exe C:\Users\parrpn\AppData\Roaming\npm\node_modules\firebase-tools\lib\bin\firebase.js deploy
[debug] [2021-08-27T08:53:06.036Z] CLI Version:   9.16.6
[debug] [2021-08-27T08:53:06.036Z] Platform:      win32
[debug] [2021-08-27T08:53:06.036Z] Node Version:  v14.17.0
[debug] [2021-08-27T08:53:06.039Z] Time:          Fri Aug 27 2021 14:23:06 GMT+0530 (India Standard Time)
[debug] [2021-08-27T08:53:06.039Z] ----------------------------------------------------------------------
[debug] 
[debug] [2021-08-27T08:53:06.172Z] > command requires scopes: ["email","openid","https://www.googleapis.com/auth/cloudplatformprojects.readonly","https://www.googleapis.com/auth/firebase","https://www.googleapis.com/auth/cloud-platform"]
[debug] [2021-08-27T08:53:06.173Z] > authorizing via signed-in user (ravisachin295@gmail.com)
[debug] [2021-08-27T08:53:06.173Z] [iam] checking project reactfirebasewebsitepay for permissions ["firebase.projects.get","firebasehosting.sites.update"]
[debug] [2021-08-27T08:53:06.177Z] > refreshing access token with scopes: ["email","https://www.googleapis.com/auth/cloud-platform","https://www.googleapis.com/auth/cloudplatformprojects.readonly","https://www.googleapis.com/auth/firebase","openid"]
[debug] [2021-08-27T08:53:06.178Z] >>> HTTP REQUEST POST https://www.googleapis.com/oauth2/v3/token  
 <request body omitted>
[debug] [2021-08-27T08:53:07.360Z] <<< HTTP RESPONSE 200 {"expires":"Mon, 01 Jan 1990 00:00:00 GMT","cache-control":"no-cache, no-store, max-age=0, must-revalidate","date":"Fri, 27 Aug 2021 08:53:10 GMT","pragma":"no-cache","content-type":"application/json; charset=utf-8","vary":"X-Origin, Referer, Origin,Accept-Encoding","server":"scaffolding on HTTPServer2","x-xss-protection":"0","x-frame-options":"SAMEORIGIN","x-content-type-options":"nosniff","alt-svc":"h3=\":443\"; ma=2592000,h3-29=\":443\"; ma=2592000,h3-T051=\":443\"; ma=2592000,h3-Q050=\":443\"; ma=2592000,h3-Q046=\":443\"; ma=2592000,h3-Q043=\":443\"; ma=2592000,quic=\":443\"; ma=2592000; v=\"46,43\"","accept-ranges":"none","transfer-encoding":"chunked"}
[debug] [2021-08-27T08:53:07.526Z] >>> HTTP REQUEST POST https://cloudresourcemanager.googleapis.com/v1/projects/reactfirebasewebsitepay:testIamPermissions  
 {"permissions":["firebase.projects.get","firebasehosting.sites.update"]}
[debug] [2021-08-27T08:53:12.345Z] <<< HTTP RESPONSE 200 {"content-type":"application/json; charset=UTF-8","vary":"X-Origin, Referer, Origin,Accept-Encoding","date":"Fri, 27 Aug 2021 08:53:15 GMT","server":"ESF","cache-control":"private","x-xss-protection":"0","x-frame-options":"SAMEORIGIN","x-content-type-options":"nosniff","server-timing":"gfet4t7; dur=1327","alt-svc":"h3=\":443\"; ma=2592000,h3-29=\":443\"; ma=2592000,h3-T051=\":443\"; ma=2592000,h3-Q050=\":443\"; ma=2592000,h3-Q046=\":443\"; ma=2592000,h3-Q043=\":443\"; ma=2592000,quic=\":443\"; ma=2592000; v=\"46,43\"","accept-ranges":"none","transfer-encoding":"chunked"}
[debug] [2021-08-27T08:53:12.349Z] > refreshing access token with scopes: []
[debug] [2021-08-27T08:53:12.349Z] >>> HTTP REQUEST POST https://www.googleapis.com/oauth2/v3/token  
 <request body omitted>
[debug] [2021-08-27T08:53:13.379Z] <<< HTTP RESPONSE 200 {"cache-control":"no-cache, no-store, max-age=0, must-revalidate","date":"Fri, 27 Aug 2021 08:53:16 GMT","expires":"Mon, 01 Jan 1990 00:00:00 GMT","pragma":"no-cache","content-type":"application/json; charset=utf-8","vary":"X-Origin, Referer, Origin,Accept-Encoding","server":"scaffolding on HTTPServer2","x-xss-protection":"0","x-frame-options":"SAMEORIGIN","x-content-type-options":"nosniff","alt-svc":"h3=\":443\"; ma=2592000,h3-29=\":443\"; ma=2592000,h3-T051=\":443\"; ma=2592000,h3-Q050=\":443\"; ma=2592000,h3-Q046=\":443\"; ma=2592000,h3-Q043=\":443\"; ma=2592000,quic=\":443\"; ma=2592000; v=\"46,43\"","accept-ranges":"none","transfer-encoding":"chunked"}
[debug] [2021-08-27T08:53:13.487Z] >>> [apiv2][query] GET https://firebase.googleapis.com/v1beta1/projects/reactfirebasewebsitepay [none]
[debug] [2021-08-27T08:53:15.025Z] <<< [apiv2][status] GET https://firebase.googleapis.com/v1beta1/projects/reactfirebasewebsitepay 200
[debug] [2021-08-27T08:53:15.026Z] <<< [apiv2][body] GET https://firebase.googleapis.com/v1beta1/projects/reactfirebasewebsitepay {"projectId":"reactfirebasewebsitepay","projectNumber":"29317257793","displayName":"reactfirebasewebsitepay","name":"projects/reactfirebasewebsitepay","resources":{"hostingSite":"reactfirebasewebsitepay","realtimeDatabaseInstance":"reactfirebasewebsitepay-default-rtdb"},"state":"ACTIVE"}
[info] 
[info] === Deploying to 'reactfirebasewebsitepay'...
[info] 
[info] i  deploying hosting 
[debug] [2021-08-27T08:53:15.039Z] > refreshing access token with scopes: ["email","https://www.googleapis.com/auth/cloud-platform","https://www.googleapis.com/auth/cloudplatformprojects.readonly","https://www.googleapis.com/auth/firebase","openid"]
[debug] [2021-08-27T08:53:15.039Z] >>> HTTP REQUEST POST https://www.googleapis.com/oauth2/v3/token  
 <request body omitted>
[debug] [2021-08-27T08:53:15.929Z] <<< HTTP RESPONSE 200 {"cache-control":"no-cache, no-store, max-age=0, must-revalidate","expires":"Mon, 01 Jan 1990 00:00:00 GMT","date":"Fri, 27 Aug 2021 08:53:18 GMT","pragma":"no-cache","content-type":"application/json; charset=utf-8","vary":"X-Origin, Referer, Origin,Accept-Encoding","server":"scaffolding on HTTPServer2","x-xss-protection":"0","x-frame-options":"SAMEORIGIN","x-content-type-options":"nosniff","alt-svc":"h3=\":443\"; ma=2592000,h3-29=\":443\"; ma=2592000,h3-T051=\":443\"; ma=2592000,h3-Q050=\":443\"; ma=2592000,h3-Q046=\":443\"; ma=2592000,h3-Q043=\":443\"; ma=2592000,quic=\":443\"; ma=2592000; v=\"46,43\"","accept-ranges":"none","transfer-encoding":"chunked"}
[debug] [2021-08-27T08:53:16.026Z] >>> HTTP REQUEST POST https://firebasehosting.googleapis.com/v1beta1/sites/reactfirebasewebsitepay/versions  
 {"config":{"rewrites":[{"glob":"**","path":"/index.html"}]},"labels":{"deployment-tool":"cli-firebase"}}
[debug] [2021-08-27T08:53:19.106Z] <<< HTTP RESPONSE 200 {"content-type":"application/json; charset=UTF-8","vary":"X-Origin, Referer, Origin,Accept-Encoding","date":"Fri, 27 Aug 2021 08:53:22 GMT","server":"ESF","cache-control":"private","x-xss-protection":"0","x-frame-options":"SAMEORIGIN","x-content-type-options":"nosniff","alt-svc":"h3=\":443\"; ma=2592000,h3-29=\":443\"; ma=2592000,h3-T051=\":443\"; ma=2592000,h3-Q050=\":443\"; ma=2592000,h3-Q046=\":443\"; ma=2592000,h3-Q043=\":443\"; ma=2592000,quic=\":443\"; ma=2592000; v=\"46,43\"","accept-ranges":"none","transfer-encoding":"chunked"}
[info] i  hosting[reactfirebasewebsitepay]: beginning deploy... 
[info] i  hosting[reactfirebasewebsitepay]: found 20 files in build 
[debug] [2021-08-27T08:53:19.160Z] > refreshing access token with scopes: []
[debug] [2021-08-27T08:53:19.161Z] >>> HTTP REQUEST POST https://www.googleapis.com/oauth2/v3/token  
 <request body omitted>
[debug] [2021-08-27T08:53:19.170Z] [hosting] hash cache [YnVpbGQ] stored for 20 files
[debug] [2021-08-27T08:53:19.172Z] [hosting][hash queue][FINAL] {"max":6,"min":1,"avg":1,"active":0,"complete":20,"success":20,"errored":0,"retried":0,"total":20,"elapsed":21}
[debug] [2021-08-27T08:53:20.640Z] <<< HTTP RESPONSE 200 {"pragma":"no-cache","expires":"Mon, 01 Jan 1990 00:00:00 GMT","date":"Fri, 27 Aug 2021 08:53:23 GMT","cache-control":"no-cache, no-store, max-age=0, must-revalidate","content-type":"application/json; charset=utf-8","vary":"X-Origin, Referer, Origin,Accept-Encoding","server":"scaffolding on HTTPServer2","x-xss-protection":"0","x-frame-options":"SAMEORIGIN","x-content-type-options":"nosniff","alt-svc":"h3=\":443\"; ma=2592000,h3-29=\":443\"; ma=2592000,h3-T051=\":443\"; ma=2592000,h3-Q050=\":443\"; ma=2592000,h3-Q046=\":443\"; ma=2592000,h3-Q043=\":443\"; ma=2592000,quic=\":443\"; ma=2592000; v=\"46,43\"","accept-ranges":"none","transfer-encoding":"chunked"}
[debug] [2021-08-27T08:53:20.740Z] >>> [apiv2][query] POST https://firebasehosting.googleapis.com/v1beta1/sites/reactfirebasewebsitepay/versions/8a85ca79e41acda2:populateFiles [none]
[debug] [2021-08-27T08:53:20.741Z] >>> [apiv2][body] POST https://firebasehosting.googleapis.com/v1beta1/sites/reactfirebasewebsitepay/versions/8a85ca79e41acda2:populateFiles {"files":{"/asset-manifest.json":"38c14c571ab11155d46ca4630a105a0f293cdb516deb4b868802fff1c2a8da44","/favicon.ico":"eae62e993eb980ec8a25058c39d5a51feab118bd2100c4deebb2a9c158ec11f9","/index.html":"18797684ec9b0076e7d004a4873e269ab837b98d812dbf6395859bc59482355e","/manifest.json":"aff3449bdc238776f5d6d967f19ec491b36aed5fb7f23ccff6500736fd58494a","/robots.txt":"bfe106a3fb878dc83461c86818bf74fc1bdc7f28538ba613cd3e775516ce8b49","/images/callcenter.jpg":"60220bd10ba14a5e5b2fad8bbc06dae0f05b495a8b63e653285e6739dbf9d0c0","/images/hero1.jpg":"effcdb6d1047d964292c8e4ccf920a560e1ba9b48d7359d39505819b249285c0","/images/hero2.jpg":"e8133b5c4dabf87d0449b2e3bb210e0bec327b4cc8f09b6e199656a5e907d890","/images/hero3.jpg":"dd100514028eef97a2eec9421050844ceb669c7578c8390ac5e1d6fad97c9b6e","/images/hero4.jpg":"a04388793da5c1b52a8b49ff14ec3344126a09bb5b323296575eefcc9aa76669","/images/mainHero.png":"90984602277d546e0c2e0ca63512d86c5388336d942345b8b4fa27b840a47c00","/static/css/main.78e17fc7.chunk.css":"74540e4230300be8d2b2a31413d9ab6d74bd2fc3d1255b7adac1522de3b24e7e","/static/css/main.78e17fc7.chunk.css.map":"7382bcc9cea12c7ed9f599c3c9bb3054c8dab40e09cb19c92cc3e13e351da3a1","/static/js/2.153a7aa3.chunk.js":"1e8d4d3929c3765f8bbd0a2eb9ca2066930a52a233d92765d280f15cfe0cdf82","/static/js/2.153a7aa3.chunk.js.LICENSE.txt":"ff6e1e979db9369a9f7416a242049ffecf6a913bd1a6c3b5da956e28224606d9","/static/js/2.153a7aa3.chunk.js.map":"997a316f1fd21a3b6d29699f0d33c631ed88fd429c66d6506033e0b46c15ba5a","/static/js/main.375326da.chunk.js":"8c218b3761e99acce2e0f75cee6c3d4c45336d891c158ebdd6f0c544b6816f0f","/static/js/main.375326da.chunk.js.map":"abfbd2e5758237260418d49465b741c014108db42c2da973336e628fa9627fff","/static/js/runtime-main.a2f9f6fe.js":"b148ebdb3ed656d529772122435532b54c544cae7210aee2ce69cd6df93c64a7","/static/js/runtime-main.a2f9f6fe.js.map":"0b259328e8e3bd097d518afd29aa36000b613679e8598ea0c4bece081e069303"}}
[debug] [2021-08-27T08:53:24.228Z] <<< [apiv2][status] POST https://firebasehosting.googleapis.com/v1beta1/sites/reactfirebasewebsitepay/versions/8a85ca79e41acda2:populateFiles 200
[debug] [2021-08-27T08:53:24.229Z] <<< [apiv2][body] POST https://firebasehosting.googleapis.com/v1beta1/sites/reactfirebasewebsitepay/versions/8a85ca79e41acda2:populateFiles {"uploadRequiredHashes":["dd100514028eef97a2eec9421050844ceb669c7578c8390ac5e1d6fad97c9b6e","a04388793da5c1b52a8b49ff14ec3344126a09bb5b323296575eefcc9aa76669","effcdb6d1047d964292c8e4ccf920a560e1ba9b48d7359d39505819b249285c0","90984602277d546e0c2e0ca63512d86c5388336d942345b8b4fa27b840a47c00","60220bd10ba14a5e5b2fad8bbc06dae0f05b495a8b63e653285e6739dbf9d0c0","e8133b5c4dabf87d0449b2e3bb210e0bec327b4cc8f09b6e199656a5e907d890"],"uploadUrl":"https://upload-firebasehosting.googleapis.com/upload/sites/reactfirebasewebsitepay/versions/8a85ca79e41acda2/files"}
[debug] [2021-08-27T08:53:24.235Z] >>> [apiv2][query] POST https://upload-firebasehosting.googleapis.com/upload/sites/reactfirebasewebsitepay/versions/8a85ca79e41acda2/files/dd100514028eef97a2eec9421050844ceb669c7578c8390ac5e1d6fad97c9b6e [none]
[debug] [2021-08-27T08:53:24.235Z] >>> [apiv2][body] POST https://upload-firebasehosting.googleapis.com/upload/sites/reactfirebasewebsitepay/versions/8a85ca79e41acda2/files/dd100514028eef97a2eec9421050844ceb669c7578c8390ac5e1d6fad97c9b6e [stream]
[debug] [2021-08-27T08:53:24.237Z] >>> [apiv2][query] POST https://upload-firebasehosting.googleapis.com/upload/sites/reactfirebasewebsitepay/versions/8a85ca79e41acda2/files/a04388793da5c1b52a8b49ff14ec3344126a09bb5b323296575eefcc9aa76669 [none]
[debug] [2021-08-27T08:53:24.238Z] >>> [apiv2][body] POST https://upload-firebasehosting.googleapis.com/upload/sites/reactfirebasewebsitepay/versions/8a85ca79e41acda2/files/a04388793da5c1b52a8b49ff14ec3344126a09bb5b323296575eefcc9aa76669 [stream]
[debug] [2021-08-27T08:53:24.240Z] >>> [apiv2][query] POST https://upload-firebasehosting.googleapis.com/upload/sites/reactfirebasewebsitepay/versions/8a85ca79e41acda2/files/effcdb6d1047d964292c8e4ccf920a560e1ba9b48d7359d39505819b249285c0 [none]
[debug] [2021-08-27T08:53:24.240Z] >>> [apiv2][body] POST https://upload-firebasehosting.googleapis.com/upload/sites/reactfirebasewebsitepay/versions/8a85ca79e41acda2/files/effcdb6d1047d964292c8e4ccf920a560e1ba9b48d7359d39505819b249285c0 [stream]
[debug] [2021-08-27T08:53:24.242Z] >>> [apiv2][query] POST https://upload-firebasehosting.googleapis.com/upload/sites/reactfirebasewebsitepay/versions/8a85ca79e41acda2/files/90984602277d546e0c2e0ca63512d86c5388336d942345b8b4fa27b840a47c00 [none]
[debug] [2021-08-27T08:53:24.242Z] >>> [apiv2][body] POST https://upload-firebasehosting.googleapis.com/upload/sites/reactfirebasewebsitepay/versions/8a85ca79e41acda2/files/90984602277d546e0c2e0ca63512d86c5388336d942345b8b4fa27b840a47c00 [stream]
[debug] [2021-08-27T08:53:24.244Z] >>> [apiv2][query] POST https://upload-firebasehosting.googleapis.com/upload/sites/reactfirebasewebsitepay/versions/8a85ca79e41acda2/files/60220bd10ba14a5e5b2fad8bbc06dae0f05b495a8b63e653285e6739dbf9d0c0 [none]
[debug] [2021-08-27T08:53:24.244Z] >>> [apiv2][body] POST https://upload-firebasehosting.googleapis.com/upload/sites/reactfirebasewebsitepay/versions/8a85ca79e41acda2/files/60220bd10ba14a5e5b2fad8bbc06dae0f05b495a8b63e653285e6739dbf9d0c0 [stream]
[debug] [2021-08-27T08:53:24.245Z] >>> [apiv2][query] POST https://upload-firebasehosting.googleapis.com/upload/sites/reactfirebasewebsitepay/versions/8a85ca79e41acda2/files/e8133b5c4dabf87d0449b2e3bb210e0bec327b4cc8f09b6e199656a5e907d890 [none]
[debug] [2021-08-27T08:53:24.246Z] >>> [apiv2][body] POST https://upload-firebasehosting.googleapis.com/upload/sites/reactfirebasewebsitepay/versions/8a85ca79e41acda2/files/e8133b5c4dabf87d0449b2e3bb210e0bec327b4cc8f09b6e199656a5e907d890 [stream]
[debug] [2021-08-27T08:53:24.247Z] [hosting][populate queue][FINAL] {"max":5076,"min":5076,"avg":5076,"active":0,"complete":1,"success":1,"errored":0,"retried":0,"total":1,"elapsed":5088}
[debug] [2021-08-27T08:53:24.248Z] [hosting] uploads queued: 6
[debug] [2021-08-27T08:53:35.495Z] [uploadQueue] Retrying task dd100514028eef97a2eec9421050844ceb669c7578c8390ac5e1d6fad97c9b6e
[debug] [2021-08-27T08:53:35.497Z] >>> [apiv2][query] POST https://upload-firebasehosting.googleapis.com/upload/sites/reactfirebasewebsitepay/versions/8a85ca79e41acda2/files/dd100514028eef97a2eec9421050844ceb669c7578c8390ac5e1d6fad97c9b6e [none]
[debug] [2021-08-27T08:53:35.497Z] >>> [apiv2][body] POST https://upload-firebasehosting.googleapis.com/upload/sites/reactfirebasewebsitepay/versions/8a85ca79e41acda2/files/dd100514028eef97a2eec9421050844ceb669c7578c8390ac5e1d6fad97c9b6e [stream]
[debug] [2021-08-27T08:53:54.655Z] [uploadQueue] Retrying task a04388793da5c1b52a8b49ff14ec3344126a09bb5b323296575eefcc9aa76669
[debug] [2021-08-27T08:53:54.657Z] >>> [apiv2][query] POST https://upload-firebasehosting.googleapis.com/upload/sites/reactfirebasewebsitepay/versions/8a85ca79e41acda2/files/a04388793da5c1b52a8b49ff14ec3344126a09bb5b323296575eefcc9aa76669 [none]
[debug] [2021-08-27T08:53:54.657Z] >>> [apiv2][body] POST https://upload-firebasehosting.googleapis.com/upload/sites/reactfirebasewebsitepay/versions/8a85ca79e41acda2/files/a04388793da5c1b52a8b49ff14ec3344126a09bb5b323296575eefcc9aa76669 [stream]
[debug] [2021-08-27T08:53:54.659Z] [uploadQueue] Retrying task 90984602277d546e0c2e0ca63512d86c5388336d942345b8b4fa27b840a47c00
[debug] [2021-08-27T08:53:54.667Z] >>> [apiv2][query] POST https://upload-firebasehosting.googleapis.com/upload/sites/reactfirebasewebsitepay/versions/8a85ca79e41acda2/files/90984602277d546e0c2e0ca63512d86c5388336d942345b8b4fa27b840a47c00 [none]
[debug] [2021-08-27T08:53:54.668Z] >>> [apiv2][body] POST https://upload-firebasehosting.googleapis.com/upload/sites/reactfirebasewebsitepay/versions/8a85ca79e41acda2/files/90984602277d546e0c2e0ca63512d86c5388336d942345b8b4fa27b840a47c00 [stream]
[debug] [2021-08-27T08:53:57.781Z] [uploadQueue] Retrying task e8133b5c4dabf87d0449b2e3bb210e0bec327b4cc8f09b6e199656a5e907d890
[debug] [2021-08-27T08:53:57.782Z] >>> [apiv2][query] POST https://upload-firebasehosting.googleapis.com/upload/sites/reactfirebasewebsitepay/versions/8a85ca79e41acda2/files/e8133b5c4dabf87d0449b2e3bb210e0bec327b4cc8f09b6e199656a5e907d890 [none]
[debug] [2021-08-27T08:53:57.783Z] >>> [apiv2][body] POST https://upload-firebasehosting.googleapis.com/upload/sites/reactfirebasewebsitepay/versions/8a85ca79e41acda2/files/e8133b5c4dabf87d0449b2e3bb210e0bec327b4cc8f09b6e199656a5e907d890 [stream]
[debug] [2021-08-27T08:53:58.898Z] [uploadQueue] Retrying task 60220bd10ba14a5e5b2fad8bbc06dae0f05b495a8b63e653285e6739dbf9d0c0
[debug] [2021-08-27T08:53:58.899Z] >>> [apiv2][query] POST https://upload-firebasehosting.googleapis.com/upload/sites/reactfirebasewebsitepay/versions/8a85ca79e41acda2/files/60220bd10ba14a5e5b2fad8bbc06dae0f05b495a8b63e653285e6739dbf9d0c0 [none]
[debug] [2021-08-27T08:53:58.899Z] >>> [apiv2][body] POST https://upload-firebasehosting.googleapis.com/upload/sites/reactfirebasewebsitepay/versions/8a85ca79e41acda2/files/60220bd10ba14a5e5b2fad8bbc06dae0f05b495a8b63e653285e6739dbf9d0c0 [stream]
[debug] [2021-08-27T08:54:25.462Z] [uploadQueue] Retrying task a04388793da5c1b52a8b49ff14ec3344126a09bb5b323296575eefcc9aa76669
[debug] [2021-08-27T08:54:25.464Z] >>> [apiv2][query] POST https://upload-firebasehosting.googleapis.com/upload/sites/reactfirebasewebsitepay/versions/8a85ca79e41acda2/files/a04388793da5c1b52a8b49ff14ec3344126a09bb5b323296575eefcc9aa76669 [none]
[debug] [2021-08-27T08:54:25.464Z] >>> [apiv2][body] POST https://upload-firebasehosting.googleapis.com/upload/sites/reactfirebasewebsitepay/versions/8a85ca79e41acda2/files/a04388793da5c1b52a8b49ff14ec3344126a09bb5b323296575eefcc9aa76669 [stream]
[debug] [2021-08-27T08:54:25.466Z] [uploadQueue] Retrying task 90984602277d546e0c2e0ca63512d86c5388336d942345b8b4fa27b840a47c00
[debug] [2021-08-27T08:54:25.467Z] >>> [apiv2][query] POST https://upload-firebasehosting.googleapis.com/upload/sites/reactfirebasewebsitepay/versions/8a85ca79e41acda2/files/90984602277d546e0c2e0ca63512d86c5388336d942345b8b4fa27b840a47c00 [none]
[debug] [2021-08-27T08:54:25.467Z] >>> [apiv2][body] POST https://upload-firebasehosting.googleapis.com/upload/sites/reactfirebasewebsitepay/versions/8a85ca79e41acda2/files/90984602277d546e0c2e0ca63512d86c5388336d942345b8b4fa27b840a47c00 [stream]
[debug] [2021-08-27T08:54:31.739Z] [uploadQueue] Retrying task e8133b5c4dabf87d0449b2e3bb210e0bec327b4cc8f09b6e199656a5e907d890
[debug] [2021-08-27T08:54:31.740Z] >>> [apiv2][query] POST https://upload-firebasehosting.googleapis.com/upload/sites/reactfirebasewebsitepay/versions/8a85ca79e41acda2/files/e8133b5c4dabf87d0449b2e3bb210e0bec327b4cc8f09b6e199656a5e907d890 [none]
[debug] [2021-08-27T08:54:31.740Z] >>> [apiv2][body] POST https://upload-firebasehosting.googleapis.com/upload/sites/reactfirebasewebsitepay/versions/8a85ca79e41acda2/files/e8133b5c4dabf87d0449b2e3bb210e0bec327b4cc8f09b6e199656a5e907d890 [stream]
[debug] [2021-08-27T08:54:33.958Z] [uploadQueue] Retrying task 60220bd10ba14a5e5b2fad8bbc06dae0f05b495a8b63e653285e6739dbf9d0c0
[debug] [2021-08-27T08:54:33.960Z] >>> [apiv2][query] POST https://upload-firebasehosting.googleapis.com/upload/sites/reactfirebasewebsitepay/versions/8a85ca79e41acda2/files/60220bd10ba14a5e5b2fad8bbc06dae0f05b495a8b63e653285e6739dbf9d0c0 [none]
[debug] [2021-08-27T08:54:33.960Z] >>> [apiv2][body] POST https://upload-firebasehosting.googleapis.com/upload/sites/reactfirebasewebsitepay/versions/8a85ca79e41acda2/files/60220bd10ba14a5e5b2fad8bbc06dae0f05b495a8b63e653285e6739dbf9d0c0 [stream]
